<?xml version="1.0" encoding="UTF-8"?>
<testsuite name="com.acme.mytrader.strategy.TradingStrategyTest" tests="1" skipped="0" failures="0" errors="0" timestamp="2022-11-18T09:11:53" hostname="arpit-m" time="0.287">
  <properties/>
  <testcase name="testBuyRationale" classname="com.acme.mytrader.strategy.TradingStrategyTest" time="0.287"/>
  <system-out><![CDATA[]]></system-out>
  <system-err><![CDATA[]]></system-err>
</testsuite>
